[2018-07-18T11:15:02.639] [ERROR] Error - {"Error_Name":"","Error_Address":"","Error_Message":"ReferenceError: VarTaxes is not defined"}
[2018-07-18T11:15:41.494] [ERROR] Error - {"Error_Name":"","Error_Address":"","Error_Message":"ReferenceError: VarTaxes is not defined"}
[2018-07-18T11:15:47.495] [ERROR] Error - {"Error_Name":"","Error_Address":"","Error_Message":"ReferenceError: VarTaxes is not defined"}
[2018-07-18T11:15:54.572] [ERROR] Error - {"Error_Name":"","Error_Address":"","Error_Message":"ReferenceError: VarTaxes is not defined"}
[2018-07-18T12:19:54.402] [ERROR] Error - {"Error_Name":"","Error_Address":"","Error_Message":"SyntaxError: Unexpected token )"}
[2018-07-18T12:19:54.414] [ERROR] Error - {"Error_Name":"Mongodb Connection Error","Error_Address":"Server.js","Error_Message":{"name":"MongoNetworkError","message":"failed to connect to server [ds121871.mlab.com:21871] on first connect [MongoNetworkError: getaddrinfo ENOTFOUND ds121871.mlab.com ds121871.mlab.com:21871]"}}
[2018-07-18T12:19:54.426] [ERROR] Error - {"Error_Name":"","Error_Address":"","Error_Message":{"name":"MongoNetworkError","message":"failed to connect to server [ds121871.mlab.com:21871] on first connect [MongoNetworkError: getaddrinfo ENOTFOUND ds121871.mlab.com ds121871.mlab.com:21871]"}}
[2018-07-18T17:47:22.754] [ERROR] Error - {"Error_Name":"","Error_Address":"","Error_Message":"ReferenceError: err is not defined"}
[2018-07-18T17:47:26.294] [ERROR] Error - {"Error_Name":"","Error_Address":"","Error_Message":"ReferenceError: err is not defined"}
[2018-07-18T17:52:37.513] [ERROR] Error - {"Error_Name":"","Error_Address":"","Error_Message":"ReferenceError: err is not defined"}
[2018-07-18T17:53:23.617] [ERROR] Error - {"Error_Name":"","Error_Address":"","Error_Message":"ReferenceError: err is not defined"}
[2018-07-18T17:53:24.993] [ERROR] Error - {"Error_Name":"","Error_Address":"","Error_Message":"ReferenceError: err is not defined"}
[2018-07-18T17:53:30.405] [ERROR] Error - {"Error_Name":"","Error_Address":"","Error_Message":"ReferenceError: err is not defined"}
[2018-07-18T17:55:23.661] [ERROR] Error - {"Error_Name":"","Error_Address":"","Error_Message":"ReferenceError: err is not defined"}
[2018-07-18T17:55:30.421] [ERROR] Error - {"Error_Name":"","Error_Address":"","Error_Message":"ReferenceError: err is not defined"}
[2018-07-18T17:58:36.071] [ERROR] Error - {"Error_Name":"","Error_Address":"","Error_Message":"ReferenceError: err is not defined"}
[2018-07-18T17:58:37.440] [ERROR] Error - {"Error_Name":"","Error_Address":"","Error_Message":"ReferenceError: err is not defined"}
[2018-07-18T17:58:37.729] [ERROR] Error - {"Error_Name":"","Error_Address":"","Error_Message":"ReferenceError: err is not defined"}
[2018-07-18T18:00:28.762] [ERROR] Error - {"Error_Name":"","Error_Address":"","Error_Message":"ReferenceError: err is not defined"}
[2018-07-18T18:02:17.077] [ERROR] Error - {"Error_Name":"","Error_Address":"","Error_Message":"ReferenceError: err is not defined"}
[2018-07-18T18:04:17.057] [ERROR] Error - {"Error_Name":"","Error_Address":"","Error_Message":"ReferenceError: err is not defined"}
