[2018-07-24T09:55:40.777] [ERROR] Error - {"Error_Name":"Mongodb Connection Error","Error_Address":"Server.js","Error_Message":{"name":"MongoNetworkError","message":"failed to connect to server [ds121871.mlab.com:21871] on first connect [MongoNetworkError: connect ETIMEDOUT 35.184.244.117:21871]"}}
[2018-07-24T09:55:40.807] [ERROR] Error - {"Error_Name":"","Error_Address":"","Error_Message":{"name":"MongoNetworkError","message":"failed to connect to server [ds121871.mlab.com:21871] on first connect [MongoNetworkError: connect ETIMEDOUT 35.184.244.117:21871]"}}
[2018-07-24T09:59:15.757] [ERROR] Error - {"Error_Name":"Mongodb Connection Error","Error_Address":"Server.js","Error_Message":{"name":"MongoNetworkError","message":"failed to connect to server [ds121871.mlab.com:21871] on first connect [MongoNetworkError: connect ETIMEDOUT 35.184.244.117:21871]"}}
[2018-07-24T09:59:15.761] [ERROR] Error - {"Error_Name":"","Error_Address":"","Error_Message":{"name":"MongoNetworkError","message":"failed to connect to server [ds121871.mlab.com:21871] on first connect [MongoNetworkError: connect ETIMEDOUT 35.184.244.117:21871]"}}
[2018-07-24T10:11:49.519] [ERROR] Error - {"Error_Name":"Mongodb Connection Error","Error_Address":"Server.js","Error_Message":{"name":"MongoNetworkError","message":"failed to connect to server [ds121871.mlab.com:21871] on first connect [MongoNetworkError: connect ETIMEDOUT 35.184.244.117:21871]"}}
[2018-07-24T10:11:49.525] [ERROR] Error - {"Error_Name":"","Error_Address":"","Error_Message":{"name":"MongoNetworkError","message":"failed to connect to server [ds121871.mlab.com:21871] on first connect [MongoNetworkError: connect ETIMEDOUT 35.184.244.117:21871]"}}
[2018-07-24T12:24:58.057] [ERROR] Error - {"Error_Name":"","Error_Address":"","Error_Message":"MongoError: E11000 duplicate key error index: insight-360.CRM_Industry_Type.$Industry_Type_1 dup key: { : \"Test 1\" }"}
[2018-07-24T12:24:58.063] [ERROR] Error - {"Error_Name":"","Error_Address":"","Error_Message":"MongoError: E11000 duplicate key error index: insight-360.CRM_Activity_Type.$Activity_Type_1 dup key: { : \"test\" }"}
[2018-07-24T12:38:07.422] [ERROR] Error - {"Error_Name":"","Error_Address":"","Error_Message":"MongoError: E11000 duplicate key error index: insight-360.CRM_Industry_Type.$Industry_Type_1 dup key: { : \"Test 1\" }"}
[2018-07-24T12:38:07.428] [ERROR] Error - {"Error_Name":"","Error_Address":"","Error_Message":"MongoError: E11000 duplicate key error index: insight-360.CRM_Activity_Status.$Activity_Status_1 dup key: { : \"test\" }"}
[2018-07-24T12:38:07.431] [ERROR] Error - {"Error_Name":"","Error_Address":"","Error_Message":"MongoError: E11000 duplicate key error index: insight-360.CRM_Activity_Type.$Activity_Type_1 dup key: { : \"test2\" }"}
[2018-07-24T12:47:26.685] [ERROR] Error - {"Error_Name":"","Error_Address":"","Error_Message":"MongoError: E11000 duplicate key error index: insight-360.CRM_Industry_Type.$Industry_Type_1 dup key: { : \"Test 1\" }"}
[2018-07-24T12:47:27.670] [ERROR] Error - {"Error_Name":"","Error_Address":"","Error_Message":"MongoError: E11000 duplicate key error index: insight-360.CRM_Activity_Type.$Activity_Type_1 dup key: { : \"test2\" }"}
[2018-07-24T12:47:27.686] [ERROR] Error - {"Error_Name":"","Error_Address":"","Error_Message":"MongoError: E11000 duplicate key error index: insight-360.CRM_Activity_Status.$Activity_Status_1 dup key: { : \"test\" }"}
[2018-07-24T12:49:19.227] [ERROR] Error - {"Error_Name":"","Error_Address":"","Error_Message":"MongoError: E11000 duplicate key error index: insight-360.CRM_Industry_Type.$Industry_Type_1 dup key: { : \"Test 1\" }"}
[2018-07-24T12:49:19.234] [ERROR] Error - {"Error_Name":"","Error_Address":"","Error_Message":"MongoError: E11000 duplicate key error index: insight-360.CRM_Activity_Status.$Activity_Status_1 dup key: { : \"test\" }"}
[2018-07-24T12:49:19.237] [ERROR] Error - {"Error_Name":"","Error_Address":"","Error_Message":"MongoError: E11000 duplicate key error index: insight-360.CRM_Activity_Type.$Activity_Type_1 dup key: { : \"test2\" }"}
[2018-07-24T12:50:36.253] [ERROR] Error - {"Error_Name":"","Error_Address":"","Error_Message":"MongoError: E11000 duplicate key error index: insight-360.CRM_Industry_Type.$Industry_Type_1 dup key: { : \"Test 1\" }"}
[2018-07-24T12:50:36.253] [ERROR] Error - {"Error_Name":"","Error_Address":"","Error_Message":"MongoError: E11000 duplicate key error index: insight-360.CRM_Activity_Status.$Activity_Status_1 dup key: { : \"test\" }"}
[2018-07-24T12:50:36.268] [ERROR] Error - {"Error_Name":"","Error_Address":"","Error_Message":"MongoError: E11000 duplicate key error index: insight-360.CRM_Activity_Type.$Activity_Type_1 dup key: { : \"test2\" }"}
[2018-07-24T13:22:42.074] [ERROR] Error - {"Error_Name":"","Error_Address":"","Error_Message":"MongoError: E11000 duplicate key error index: insight-360.CRM_Industry_Type.$Industry_Type_1 dup key: { : \"Test 1\" }"}
[2018-07-24T13:22:42.089] [ERROR] Error - {"Error_Name":"","Error_Address":"","Error_Message":"MongoError: E11000 duplicate key error index: insight-360.CRM_Activity_Status.$Activity_Status_1 dup key: { : \"test 3\" }"}
[2018-07-24T13:22:42.089] [ERROR] Error - {"Error_Name":"","Error_Address":"","Error_Message":"MongoError: E11000 duplicate key error index: insight-360.CRM_Activity_Type.$Activity_Type_1 dup key: { : \"test2\" }"}
[2018-07-24T13:32:15.860] [ERROR] Error - {"Error_Name":"","Error_Address":"","Error_Message":"MongoError: E11000 duplicate key error index: insight-360.CRM_Industry_Type.$Industry_Type_1 dup key: { : \"Test 1\" }"}
[2018-07-24T13:32:15.879] [ERROR] Error - {"Error_Name":"","Error_Address":"","Error_Message":"MongoError: E11000 duplicate key error index: insight-360.CRM_Activity_Status.$Activity_Status_1 dup key: { : \"test 3\" }"}
[2018-07-24T13:32:15.895] [ERROR] Error - {"Error_Name":"","Error_Address":"","Error_Message":"MongoError: E11000 duplicate key error index: insight-360.CRM_Activity_Type.$Activity_Type_1 dup key: { : \"test2\" }"}
[2018-07-24T13:39:53.209] [ERROR] Error - {"Error_Name":"","Error_Address":"","Error_Message":"MongoError: E11000 duplicate key error index: insight-360.CRM_Industry_Type.$Industry_Type_1 dup key: { : \"Test 1\" }"}
[2018-07-24T13:39:53.215] [ERROR] Error - {"Error_Name":"","Error_Address":"","Error_Message":"MongoError: E11000 duplicate key error index: insight-360.CRM_Activity_Type.$Activity_Type_1 dup key: { : \"test2\" }"}
[2018-07-24T13:39:53.218] [ERROR] Error - {"Error_Name":"","Error_Address":"","Error_Message":"MongoError: E11000 duplicate key error index: insight-360.CRM_Activity_Status.$Activity_Status_1 dup key: { : \"test 3\" }"}
[2018-07-24T13:42:07.128] [ERROR] Error - {"Error_Name":"","Error_Address":"","Error_Message":"MongoError: E11000 duplicate key error index: insight-360.CRM_Industry_Type.$Industry_Type_1 dup key: { : \"Test 1\" }"}
[2018-07-24T13:42:07.136] [ERROR] Error - {"Error_Name":"","Error_Address":"","Error_Message":"MongoError: E11000 duplicate key error index: insight-360.CRM_Activity_Status.$Activity_Status_1 dup key: { : \"test 3\" }"}
[2018-07-24T13:42:07.152] [ERROR] Error - {"Error_Name":"","Error_Address":"","Error_Message":"MongoError: E11000 duplicate key error index: insight-360.CRM_Activity_Type.$Activity_Type_1 dup key: { : \"test2\" }"}
[2018-07-24T14:38:19.564] [ERROR] Error - {"Error_Name":"CRM Settings Activity Priority Find Query Error","Error_Address":"CRM_Settings.controller.js","Ip":"::1","Request_From_Origin":"http://localhost:4200","Request_From":"http://localhost:4200/CRM_Settings","Request_Url":"/API/CRM_Settings/Activity_Priority_List","Request_Body":{"Info":"U2FsdGVkX18ygVrPlyBa8g9jygcYcB7qAf4VT7Xy1k+WkMYm604R/29BHAgiUmyCUvl8jJ3jfbxB0NgE3FfvlA=="},"If_Get":{},"Device_Info":{"ua":"Mozilla/5.0 (Windows NT 6.2; Win64; x64) AppleWebKit/537.36 (KHTML, like Gecko) Chrome/67.0.3396.99 Safari/537.36","browser":{"name":"Chrome","version":"67.0.3396.99","major":"67"},"engine":{"name":"WebKit","version":"537.36"},"os":{"name":"Windows","version":"8"},"device":{},"cpu":{"architecture":"amd64"}},"Error_Message":{"message":"Cast to ObjectId failed for value \"1\" at path \"Company_Id\" for model \"ActivityPriority\"","name":"CastError","stringValue":"\"1\"","kind":"ObjectId","value":"1","path":"Company_Id"}}
[2018-07-24T14:44:26.379] [ERROR] Error - {"Error_Name":"CRM Settings Activity Priority Find Query Error","Error_Address":"CRM_Settings.controller.js","Ip":"::1","Request_From_Origin":"http://localhost:4200","Request_From":"http://localhost:4200/CRM_Settings","Request_Url":"/API/CRM_Settings/Activity_Priority_List","Request_Body":{"Info":"U2FsdGVkX1+5CGFmy7uWVfQXNvYfmsFHWSmjcIX37AlVx2wYTIM3lAkGWAmLQ1SWKklT5YdMDb+7kPXjAIp4qA=="},"If_Get":{},"Device_Info":{"ua":"Mozilla/5.0 (Windows NT 6.2; Win64; x64) AppleWebKit/537.36 (KHTML, like Gecko) Chrome/67.0.3396.99 Safari/537.36","browser":{"name":"Chrome","version":"67.0.3396.99","major":"67"},"engine":{"name":"WebKit","version":"537.36"},"os":{"name":"Windows","version":"8"},"device":{},"cpu":{"architecture":"amd64"}},"Error_Message":{"message":"Cast to ObjectId failed for value \"1\" at path \"Company_Id\" for model \"ActivityPriority\"","name":"CastError","stringValue":"\"1\"","kind":"ObjectId","value":"1","path":"Company_Id"}}
[2018-07-24T16:15:55.004] [ERROR] Error - {"Error_Name":"","Error_Address":"","Error_Message":"Error: Route.post() requires a callback function but got a [object Undefined]"}
[2018-07-24T16:19:01.241] [ERROR] Error - {"Error_Name":"","Error_Address":"","Error_Message":"Error: Route.post() requires a callback function but got a [object Undefined]"}
[2018-07-24T16:24:08.930] [ERROR] Error - {"Error_Name":"","Error_Address":"","Error_Message":"Error: Route.post() requires a callback function but got a [object Undefined]"}
[2018-07-24T16:25:32.259] [ERROR] Error - {"Error_Name":"","Error_Address":"","Error_Message":"Error: Route.post() requires a callback function but got a [object Undefined]"}
[2018-07-24T16:25:39.892] [ERROR] Error - {"Error_Name":"","Error_Address":"","Error_Message":"Error: Route.post() requires a callback function but got a [object Undefined]"}
[2018-07-24T17:00:38.524] [ERROR] Error - {"Error_Name":"","Error_Address":"","Error_Message":"ReferenceError: Schema is not defined"}
[2018-07-24T17:15:25.002] [ERROR] Error - {"Error_Name":"lead Settings Lead Source Find Query Error","Error_Address":"Leads_Settings.controller.js","Ip":"::1","Request_From_Origin":"http://localhost:4200","Request_From":"http://localhost:4200/lead_settings","Request_Url":"/API/Leads_Settings/Lead_Source_List","Request_Body":{"Info":"U2FsdGVkX189BjT8MMAC5KWfTG0lQ8ZON5yC8wwixmKS9EzmUSc1VyGUxJsXC562O6XUIcJUYen385JyGLMfYw=="},"If_Get":{},"Device_Info":{"ua":"Mozilla/5.0 (Windows NT 6.2; Win64; x64) AppleWebKit/537.36 (KHTML, like Gecko) Chrome/67.0.3396.99 Safari/537.36","browser":{"name":"Chrome","version":"67.0.3396.99","major":"67"},"engine":{"name":"WebKit","version":"537.36"},"os":{"name":"Windows","version":"8"},"device":{},"cpu":{"architecture":"amd64"}},"Error_Message":{"message":"Cast to ObjectId failed for value \"1\" at path \"Company_Id\" for model \"LeadSource\"","name":"CastError","stringValue":"\"1\"","kind":"ObjectId","value":"1","path":"Company_Id"}}
